Arguments: 
  /Users/h0g00ny/.nvm/versions/node/v14.8.0/bin/node /usr/local/Cellar/yarn/1.22.4/libexec/bin/yarn.js install

PATH: 
  /Users/h0g00ny/.nvm/versions/node/v14.8.0/bin:/Users/h0g00ny/Library/Android/sdk/tools:/Users/h0g00ny/Library/Android/sdk/platform-tools:/Users/h0g00ny/.nvm/versions/node/v6.11.5/bin:/usr/local/bin:/usr/bin:/bin:/usr/sbin:/sbin:/Library/Apple/usr/bin:/Users/h0g00ny/.sdkman/candidates/gradle/current/bin:/Users/h0g00ny/Library/Android/sdk/tools:/Users/h0g00ny/Library/Android/sdk/platform-tools:/Users/h0g00ny/.nvm/versions/node/v6.11.5/bin

Yarn version: 
  1.22.4

Node version: 
  14.8.0

Platform: 
  darwin x64

Trace: 
  Error: getaddrinfo ENOTFOUND npme.walmart.com
      at GetAddrInfoReqWrap.onlookup [as oncomplete] (dns.js:66:26)

npm manifest: 
  {
    "main": "node_modules/expo/AppEntry.js",
    "scripts": {
      "start": "expo start",
      "android": "expo start --android",
      "ios": "expo start --ios",
      "web": "expo start --web",
      "eject": "expo eject"
    },
    "dependencies": {
      "expo": "~40.0.0",
      "expo-status-bar": "~1.0.3",
      "react": "16.13.1",
      "react-dom": "16.13.1",
      "react-native": "https://github.com/expo/react-native/archive/sdk-40.0.1.tar.gz",
      "react-native-web": "~0.13.12"
    },
    "devDependencies": {
      "@babel/core": "~7.9.0"
    },
    "private": true
  }

yarn manifest: 
  No manifest

Lockfile: 
  No lockfile
